1   -6.80064   0
2   -6.76171   0.0275269
3   -6.75259   0.0198056
4   -6.74789   0.0154006
5   -6.73742   0.0154756
6   -6.73889   0.0129657
7   -6.74249   0.0116015
8   -6.74143   0.0101994
9   -6.74229   0.00910251
10   -6.73931   0.00866804
11   -6.73838   0.00792986
12   -6.7351   0.0079172
13   -6.73328   0.00751464
14   -6.73222   0.0070517
15   -6.7373   0.00820961
16   -6.73864   0.00780478
17   -6.73401   0.00860849
18   -6.73249   0.00826446
19   -6.73662   0.00880331
20   -6.73502   0.00850702
21   -6.73298   0.00834456
22   -6.73715   0.0089481
23   -6.73489   0.00883936
24   -6.73354   0.00857378
25   -6.73323   0.00823642
26   -6.73363   0.00792954
27   -6.73452   0.00768476
28   -6.73683   0.00774969
29   -6.73556   0.00758445
30   -6.736   0.00734419
31   -6.73546   0.00712685
32   -6.73574   0.00690952
33   -6.73817   0.00711272
34   -6.73426   0.00790119
35   -6.7343   0.00767553
36   -6.73732   0.00803355
37   -6.73694   0.00782534
38   -6.73464   0.00795104
39   -6.73458   0.00774736
40   -6.73431   0.00755827
41   -6.73469   0.00738308
42   -6.73618   0.00735596
43   -6.73527   0.00724088
44   -6.73422   0.00715179
45   -6.7351   0.00704639
46   -6.73533   0.00689704
47   -6.73526   0.00675063
48   -6.73648   0.00671981
49   -6.73626   0.00658624
50   -6.73628   0.00645454
51   -6.73591   0.00633851
52   -6.7352   0.00625614
53   -6.73546   0.00614329
54   -6.73693   0.00620366
55   -6.73582   0.00618964
56   -6.73579   0.00607917
57   -6.7369   0.00607306
58   -6.73616   0.00601409
59   -6.73485   0.00605303
60   -6.7364   0.00614682
61   -6.73559   0.00609858
62   -6.73633   0.00604546
63   -6.7357   0.0059825
64   -6.73601   0.00589683
65   -6.73571   0.00581386
66   -6.73604   0.00573547
67   -6.73473   0.00579892
68   -6.73552   0.00576769
69   -6.73593   0.00569895
70   -6.73622   0.00562468
71   -6.73582   0.0055594
72   -6.73479   0.00557714
73   -6.73467   0.00550197
74   -6.73552   0.00549225
75   -6.73568   0.00542135
76   -6.73575   0.00535049
77   -6.73607   0.00529031
78   -6.73667   0.00525719
79   -6.73599   0.00523428
80   -6.73555   0.00518806
81   -6.7361   0.00515331
82   -6.73509   0.00518837
83   -6.73486   0.005131
84   -6.73548   0.00510806
85   -6.7367   0.00519097
86   -6.73585   0.00520066
87   -6.7362   0.005153
88   -6.7351   0.00521133
89   -6.73525   0.00515512
90   -6.73548   0.0051029
91   -6.73543   0.00504705
92   -6.73485   0.00502555
93   -6.73545   0.00500681
94   -6.73643   0.00504787
95   -6.7353   0.00511806
96   -6.73514   0.00506749
97   -6.73524   0.0050164
98   -6.73534   0.00496618
99   -6.73473   0.00495306
100   -6.73446   0.0049109
