1   1.18266   0
2   1.14588   0.0260036
3   1.13676   0.0188689
4   1.13291   0.0145378
5   1.12211   0.0151221
6   1.12339   0.012656
7   1.12701   0.011355
8   1.12597   0.00998307
9   1.12689   0.00891526
10   1.12399   0.00848216
11   1.12314   0.00775328
12   1.11962   0.00786602
13   1.11773   0.00748508
14   1.11663   0.0070307
15   1.12148   0.00806413
16   1.12296   0.00769535
17   1.11833   0.00852133
18   1.1169   0.00816757
19   1.12108   0.00873983
20   1.11974   0.00840457
21   1.11762   0.00826766
22   1.12166   0.00882457
23   1.11944   0.00871602
24   1.11808   0.00845802
25   1.11775   0.00812616
26   1.1181   0.00782135
27   1.11887   0.00756961
28   1.12112   0.00762544
29   1.1199   0.0074591
30   1.1202   0.00721621
31   1.11969   0.00700097
32   1.11978   0.0067827
33   1.12218   0.00698941
34   1.11838   0.00774611
35   1.11838   0.00752479
36   1.12131   0.00786613
37   1.12103   0.00765856
38   1.11877   0.00778141
39   1.11868   0.00758249
40   1.11846   0.00739599
41   1.11881   0.00722386
42   1.12028   0.00719918
43   1.11941   0.00708338
44   1.11836   0.0070005
45   1.11932   0.00691116
46   1.11953   0.00676417
47   1.11945   0.00662074
48   1.12063   0.006586
49   1.12041   0.00645503
50   1.12041   0.00632593
51   1.12006   0.00621181
52   1.11932   0.00613632
53   1.1195   0.00602328
54   1.12093   0.00607999
55   1.11983   0.00606883
56   1.11974   0.00596116
57   1.12086   0.00596113
58   1.12014   0.00590176
59   1.11887   0.00593744
60   1.1204   0.00603215
61   1.11957   0.00598948
62   1.1204   0.00595057
63   1.11985   0.00588155
64   1.12017   0.00579847
65   1.11991   0.00571529
66   1.12031   0.00564262
67   1.11905   0.00569806
68   1.11979   0.00566272
69   1.12019   0.00559489
70   1.1205   0.00552362
71   1.12011   0.00545949
72   1.1191   0.00547709
73   1.11895   0.00540404
74   1.11979   0.00539544
75   1.11997   0.00532666
76   1.12003   0.00525685
77   1.12032   0.00519685
78   1.12089   0.00516145
79   1.12021   0.00514103
80   1.11981   0.00509221
81   1.12041   0.00506398
82   1.11942   0.00509773
83   1.11914   0.005044
84   1.11978   0.00502486
85   1.12096   0.00510226
86   1.1201   0.00511535
87   1.12043   0.00506702
88   1.1193   0.00513377
89   1.11945   0.00507828
90   1.11968   0.00502702
91   1.11964   0.00497189
92   1.11906   0.0049519
93   1.11962   0.00493068
94   1.12061   0.00497474
95   1.11951   0.00504104
96   1.11934   0.00499138
97   1.11945   0.00494103
98   1.11956   0.00489185
99   1.11895   0.00487983
100   1.11867   0.00483902
