1   0.788437   0
2   0.763921   0.0173357
3   0.757838   0.0125793
4   0.755275   0.00969189
5   0.748072   0.0100814
6   0.748927   0.00843736
7   0.751343   0.00756998
8   0.75065   0.00665538
9   0.751257   0.00594351
10   0.749324   0.00565477
11   0.748759   0.00516885
12   0.746412   0.00524401
13   0.74515   0.00499005
14   0.744417   0.00468713
15   0.747652   0.00537609
16   0.748641   0.00513024
17   0.745556   0.00568089
18   0.7446   0.00544504
19   0.747383   0.00582655
20   0.746492   0.00560305
21   0.745078   0.00551178
22   0.747772   0.00588305
23   0.746291   0.00581068
24   0.745386   0.00563868
25   0.745165   0.00541744
26   0.745402   0.00521423
27   0.745916   0.00504641
28   0.747414   0.00508362
29   0.746602   0.00497273
30   0.746797   0.00481081
31   0.746462   0.00466731
32   0.746518   0.0045218
33   0.748119   0.00465961
34   0.745588   0.00516407
35   0.745583   0.00501653
36   0.747538   0.00524408
37   0.74735   0.00510571
38   0.745848   0.00518761
39   0.745784   0.00505499
40   0.74564   0.00493066
41   0.745873   0.00481591
42   0.74685   0.00479945
43   0.746275   0.00472226
44   0.745571   0.004667
45   0.746215   0.00460744
46   0.746356   0.00450945
47   0.746303   0.00441382
48   0.747085   0.00439066
49   0.746943   0.00430336
50   0.746942   0.00421729
51   0.746705   0.00414121
52   0.746212   0.00409088
53   0.746334   0.00401552
54   0.74729   0.00405333
55   0.746554   0.00404589
56   0.746492   0.00397411
57   0.74724   0.00397408
58   0.746759   0.00393451
59   0.745911   0.00395829
60   0.74693   0.00402143
61   0.74638   0.00399299
62   0.746935   0.00396705
63   0.746568   0.00392103
64   0.746783   0.00386564
65   0.746607   0.0038102
66   0.746873   0.00376175
67   0.74603   0.00379871
68   0.746527   0.00377515
69   0.746795   0.00372992
70   0.747002   0.00368241
71   0.746743   0.00363966
72   0.746067   0.00365139
73   0.745969   0.00360269
74   0.746527   0.00359696
75   0.74665   0.00355111
76   0.746686   0.00350457
77   0.746882   0.00346456
78   0.747263   0.00344096
79   0.746808   0.00342735
80   0.746542   0.0033948
81   0.746939   0.00337599
82   0.74628   0.00339848
83   0.746093   0.00336267
84   0.746522   0.00334991
85   0.747308   0.0034015
86   0.746733   0.00341023
87   0.746952   0.00337801
88   0.746199   0.00342251
89   0.746299   0.00338552
90   0.746452   0.00335135
91   0.746429   0.0033146
92   0.746041   0.00330127
93   0.746417   0.00328712
94   0.74707   0.00331649
95   0.746341   0.00336069
96   0.746228   0.00332759
97   0.746298   0.00329402
98   0.746372   0.00326124
99   0.745968   0.00325322
100   0.745782   0.00322601
