1   8.85928   0
2   9.05385   0.137582
3   9.08284   0.0947256
4   9.09672   0.0720534
5   9.14582   0.0724685
6   9.13774   0.0608397
7   9.12184   0.0541841
8   9.12322   0.0474287
9   9.1173   0.0425273
10   9.13159   0.0406032
11   9.13722   0.0373007
12   9.15408   0.0378131
13   9.16478   0.0363864
14   9.17105   0.0343234
15   9.14334   0.0417471
16   9.13466   0.0400316
17   9.15472   0.0424056
18   9.16205   0.0406791
19   9.14063   0.0438157
20   9.14844   0.0423141
21   9.1582   0.0414109
22   9.13933   0.0436175
23   9.15141   0.043361
24   9.15777   0.0420178
25   9.16005   0.0403994
26   9.15867   0.0388694
27   9.1531   0.037827
28   9.14112   0.0383254
29   9.14713   0.0374724
30   9.14493   0.0362876
31   9.14671   0.0351602
32   9.14483   0.0341115
33   9.13241   0.0352677
34   9.14956   0.0381761
35   9.14841   0.0371028
36   9.13391   0.0388015
37   9.13539   0.0377811
38   9.14644   0.0383669
39   9.14696   0.0373867
40   9.14749   0.0364558
41   9.14573   0.0356092
42   9.13903   0.0353858
43   9.14357   0.0348531
44   9.14848   0.0344053
45   9.14412   0.0339163
46   9.14327   0.0331896
47   9.14448   0.0325053
48   9.1379   0.0324863
49   9.1389   0.0318385
50   9.13974   0.0312129
51   9.14134   0.0306418
52   9.14435   0.0301998
53   9.1435   0.0296418
54   9.13694   0.0298101
55   9.1434   0.0299594
56   9.14339   0.0294244
57   9.13826   0.029352
58   9.14259   0.0291636
59   9.14887   0.0293369
60   9.14114   0.0298485
61   9.14489   0.0295944
62   9.14087   0.0293893
63   9.14381   0.0290699
64   9.14218   0.0286618
65   9.14371   0.0282617
66   9.14204   0.0278824
67   9.1482   0.0281374
68   9.14461   0.0279512
69   9.14263   0.0276164
70   9.14118   0.0272598
71   9.14381   0.0270023
72   9.14922   0.0271642
73   9.14993   0.0268014
74   9.14572   0.0267675
75   9.14442   0.0264422
76   9.14392   0.0260989
77   9.14256   0.0257953
78   9.13964   0.0256296
79   9.14277   0.0254955
80   9.14467   0.0252474
81   9.14189   0.0250881
82   9.14683   0.0252631
83   9.14729   0.024963
84   9.14405   0.0248754
85   9.13873   0.0251458
86   9.14277   0.0251764
87   9.14068   0.024974
88   9.14585   0.0252191
89   9.14535   0.0249406
90   9.14431   0.0246849
91   9.14477   0.0244177
92   9.14743   0.024297
93   9.14447   0.0242149
94   9.13964   0.0244349
95   9.14491   0.02474
96   9.14517   0.0244836
97   9.14444   0.0242423
98   9.14392   0.0240004
99   9.14688   0.0239396
100   9.14846   0.0237527
