   0.0115332   0   0
   0.0345996   0   0
   0.0576661   0   0
   0.0807325   0   0
   0.103799   0   0
   0.126865   0   0
   0.149932   0   0
   0.172998   0   0
   0.196065   0   0
   0.219131   0   0
   0.242198   0   0
   0.265264   0   0
   0.28833   0   0
   0.311397   0   0
   0.334463   0   0
   0.35753   0   0
   0.380596   0   0
   0.403663   0   0
   0.426729   0   0
   0.449795   0   0
   0.472862   0   0
   0.495928   0   0
   0.518995   0   0
   0.542061   0   0
   0.565128   0   0
   0.588194   0   0
   0.61126   0   0
   0.634327   0   0
   0.657393   0   0
   0.68046   0   0
   0.703526   0   0
   0.726593   0   0
   0.749659   0   0
   0.772725   0   0
   0.795792   0   0
   0.818858   0   0
   0.841925   0   0
   0.864991   0   0
   0.888058   0   0
   0.911124   0.00132923   0.00038248
   0.93419   0.0211288   0.00145674
   0.957257   0.121339   0.00357328
   0.980323   0.459251   0.00684407
   1.00339   1.09037   0.00963611
   1.02646   1.8088   0.0125595
   1.04952   2.32887   0.0147896
   1.07259   2.52149   0.0143117
   1.09566   2.29985   0.0162872
   1.11872   1.85063   0.0131041
   1.14179   1.37409   0.011878
   1.16485   0.888979   0.00867876
   1.18792   0.540462   0.00611515
   1.21099   0.313598   0.00532562
   1.23405   0.165094   0.00405991
   1.25712   0.0805376   0.00294242
   1.28019   0.0367843   0.00175892
   1.30325   0.0201234   0.00141025
   1.32632   0.0174156   0.00141839
   1.34939   0.0277498   0.00155247
   1.37245   0.0482539   0.00189987
   1.39552   0.0919274   0.00230255
   1.41859   0.147044   0.00269806
   1.44165   0.219978   0.0032543
   1.46472   0.306066   0.00379422
   1.48778   0.398546   0.00470577
   1.51085   0.463142   0.00458496
   1.53392   0.510657   0.00482443
   1.55698   0.482187   0.00501484
   1.58005   0.415334   0.00418465
   1.60312   0.326971   0.00374652
   1.62618   0.225596   0.0031106
   1.64925   0.148323   0.00245557
   1.67232   0.101261   0.00202492
   1.69538   0.0845219   0.00237712
   1.71845   0.11228   0.00284028
   1.74152   0.197548   0.00335426
   1.76458   0.36027   0.00461199
   1.78765   0.591004   0.00545483
   1.81071   0.866827   0.00493567
   1.83378   1.1228   0.00568148
   1.85685   1.31756   0.00765699
   1.87991   1.3848   0.00879118
   1.90298   1.31886   0.00745604
   1.92605   1.11696   0.00594796
   1.94911   0.845888   0.00478056
   1.97218   0.594931   0.00415504
   1.99525   0.384464   0.00400431
   2.01831   0.250974   0.00394703
   2.04138   0.196673   0.00308318
   2.06445   0.219373   0.00275109
   2.08751   0.287749   0.002887
   2.11058   0.384932   0.00282216
   2.13364   0.463707   0.00331093
   2.15671   0.512783   0.00338228
   2.17978   0.514132   0.00401258
   2.20284   0.463194   0.00305116
   2.22591   0.395473   0.00296893
   2.24898   0.319338   0.00277478
   2.27204   0.275613   0.00334279
   2.29511   0.270542   0.00307402
