1   -5.61799   0
2   -5.61583   0.00152337
3   -5.61583   0.00101558
4   -5.61498   0.00106024
5   -5.61532   0.00089977
6   -5.6155   0.00076836
7   -5.61547   0.000659076
8   -5.61546   0.000576943
9   -5.61541   0.000514873
10   -5.61532   0.000470497
11   -5.61524   0.000435058
12   -5.61548   0.00046211
13   -5.61555   0.000432044
14   -5.6156   0.000403343
15   -5.61582   0.000435973
16   -5.61568   0.000432312
17   -5.61568   0.000406883
18   -5.61559   0.000394802
19   -5.61555   0.00037605
20   -5.61529   0.000438484
21   -5.61536   0.00042382
22   -5.61549   0.000424484
23   -5.61545   0.000407598
24   -5.61546   0.000390668
25   -5.61548   0.000375592
26   -5.61553   0.000364355
27   -5.61564   0.00036731
28   -5.6157   0.000359569
29   -5.61566   0.000349821
30   -5.6158   0.000366445
31   -5.61577   0.00035611
32   -5.61596   0.000393884
33   -5.61599   0.0003826
34   -5.61588   0.000385636
35   -5.61593   0.000377055
36   -5.61601   0.000376217
37   -5.61591   0.000378397
38   -5.61586   0.000371689
39   -5.61591   0.000364544
40   -5.61586   0.000358991
41   -5.61588   0.00035094
42   -5.6159   0.000343322
43   -5.61586   0.000338353
44   -5.61586   0.000330727
45   -5.61577   0.000335028
46   -5.61579   0.000328365
47   -5.61581   0.000321642
48   -5.61586   0.000318671
49   -5.61585   0.000312223
50   -5.61587   0.000306629
51   -5.61586   0.000300959
52   -5.61589   0.000296804
53   -5.61596   0.000299726
54   -5.616   0.000296758
55   -5.61599   0.000291461
56   -5.61606   0.000293517
57   -5.61604   0.00028858
58   -5.61602   0.000284773
59   -5.61598   0.000282268
60   -5.616   0.000278178
61   -5.61602   0.000274344
62   -5.61593   0.000284028
63   -5.61585   0.000291072
64   -5.61583   0.000286992
65   -5.6158   0.000285045
66   -5.61573   0.000287639
67   -5.61568   0.000288172
68   -5.61573   0.000288051
69   -5.61574   0.000284147
70   -5.61572   0.000281272
71   -5.61571   0.000277407
72   -5.61569   0.000274108
73   -5.61572   0.000271998
74   -5.61573   0.000268466
75   -5.6157   0.000266026
76   -5.61572   0.000263134
77   -5.61574   0.000260529
78   -5.61578   0.000259723
79   -5.61578   0.000256462
80   -5.61573   0.000258101
81   -5.61569   0.000258441
82   -5.61567   0.000256156
83   -5.61572   0.000257721
84   -5.6157   0.000255208
85   -5.61574   0.000255007
86   -5.61575   0.000252139
87   -5.61577   0.000250778
88   -5.6158   0.000249229
89   -5.61581   0.0002465
90   -5.6158   0.000243762
91   -5.61579   0.000241539
92   -5.61579   0.000238919
93   -5.61582   0.000238564
94   -5.61582   0.000236058
95   -5.61579   0.000235419
96   -5.61579   0.000232978
97   -5.6158   0.000230596
98   -5.61578   0.00022857
99   -5.61578   0.000226268
100   -5.61579   0.000224181
