1   -4.98418   0
2   -5.00458   0.0144268
3   -5.02602   0.0199727
4   -5.05102   0.026327
5   -5.07578   0.0305627
6   -5.05945   0.0295082
7   -5.05289   0.0260114
8   -5.05143   0.022801
9   -5.06105   0.022203
10   -5.05453   0.0209191
11   -5.0576   0.0192425
12   -5.04984   0.0191418
13   -5.05806   0.0193533
14   -5.05758   0.0179768
15   -5.05836   0.0167952
16   -5.05992   0.015818
17   -5.05652   0.0152484
18   -5.05962   0.0147123
19   -5.06347   0.014433
20   -5.05789   0.0147501
21   -5.05255   0.0149846
22   -5.05048   0.014445
23   -5.05176   0.0138731
24   -5.05014   0.0133898
25   -5.04247   0.0148886
26   -5.03973   0.0145661
27   -5.04002   0.0140295
28   -5.03433   0.0146354
29   -5.03193   0.0143266
30   -5.03102   0.0138779
31   -5.02971   0.0134913
32   -5.03275   0.0134073
33   -5.03705   0.0136721
34   -5.04032   0.0136568
35   -5.04003   0.0132698
36   -5.04131   0.0129637
37   -5.04082   0.0126229
38   -5.03747   0.0127256
39   -5.03526   0.0125909
40   -5.03432   0.0123113
41   -5.03343   0.0120429
42   -5.03249   0.0117924
43   -5.03197   0.0115299
44   -5.03219   0.0112701
45   -5.0343   0.0112144
46   -5.03514   0.0110022
47   -5.03361   0.0108745
48   -5.03432   0.0106712
49   -5.03285   0.0105547
50   -5.03296   0.0103441
51   -5.03318   0.0101438
52   -5.03228   0.00998864
53   -5.03298   0.00982438
54   -5.03207   0.009684
55   -5.03316   0.00956899
56   -5.03415   0.00944856
57   -5.03428   0.00928375
58   -5.037   0.00951312
59   -5.03778   0.0093839
60   -5.03841   0.00924885
61   -5.03934   0.00914354
62   -5.04007   0.00902509
63   -5.04058   0.00889651
64   -5.04113   0.00877437
65   -5.04063   0.00865345
66   -5.04005   0.00854228
67   -5.03896   0.00848388
68   -5.03895   0.00835913
69   -5.04066   0.00841099
70   -5.03965   0.00835043
71   -5.03879   0.00827678
72   -5.03912   0.00816842
73   -5.0393   0.00805841
74   -5.04065   0.00806245
75   -5.04172   0.00802472
76   -5.04234   0.00794329
77   -5.04213   0.00784302
78   -5.04132   0.00778352
79   -5.03992   0.00780942
80   -5.03843   0.00785315
81   -5.03685   0.00791451
82   -5.03619   0.00784516
83   -5.03723   0.00781926
84   -5.0369   0.00773308
85   -5.03629   0.00766606
86   -5.03511   0.00766785
87   -5.03444   0.00760841
88   -5.03321   0.00762171
89   -5.03195   0.00763981
90   -5.03317   0.00765254
91   -5.03311   0.00756869
92   -5.03433   0.00758443
93   -5.03374   0.00752589
94   -5.03276   0.00750906
95   -5.03284   0.00743037
96   -5.03376   0.00740955
97   -5.03587   0.00762806
98   -5.03633   0.00756455
99   -5.03604   0.00749388
100   -5.03545   0.00744226
