1   2.15493   0
2   2.08864   0.046874
3   2.03746   0.0521833
4   1.96609   0.0731607
5   1.90122   0.08241
6   1.98928   0.105729
7   2.03237   0.0990143
8   2.05127   0.0884231
9   2.01685   0.0850335
10   2.03022   0.0775739
11   2.01673   0.0716842
12   2.04626   0.0715362
13   2.01752   0.0715765
14   2.02394   0.0667511
15   2.0238   0.0623012
16   2.00939   0.0600515
17   2.00726   0.0565566
18   1.98637   0.0571436
19   1.96978   0.0564921
20   1.99474   0.0589242
21   2.02006   0.0613152
22   2.03054   0.0594182
23   2.0265   0.056972
24   2.03134   0.054803
25   2.05695   0.0582906
26   2.06189   0.0562572
27   2.05535   0.0545519
28   2.07129   0.0548821
29   2.07685   0.0532702
30   2.08132   0.0516816
31   2.0879   0.0504321
32   2.0769   0.0500412
33   2.05905   0.0516099
34   2.045   0.0519684
35   2.04453   0.0504858
36   2.04162   0.0491668
37   2.04976   0.0485067
38   2.06751   0.0503737
39   2.07908   0.0503933
40   2.08391   0.0493641
41   2.08726   0.0482737
42   2.09171   0.0473287
43   2.09591   0.0464145
44   2.09557   0.0453608
45   2.08778   0.0450165
46   2.08398   0.0441986
47   2.08696   0.0433587
48   2.08173   0.0427694
49   2.08567   0.0420776
50   2.08426   0.0412598
51   2.08187   0.0405195
52   2.08552   0.0399045
53   2.08484   0.0391574
54   2.08937   0.0386937
55   2.08542   0.0381916
56   2.08042   0.0378357
57   2.07777   0.0372643
58   2.06546   0.0386023
59   2.05888   0.0385055
60   2.05168   0.0385297
61   2.04435   0.0385903
62   2.04048   0.0381609
63   2.03956   0.0375664
64   2.03887   0.0369856
65   2.04118   0.0364881
66   2.04452   0.0360882
67   2.04939   0.035877
68   2.04736   0.0354067
69   2.03909   0.0358477
70   2.04225   0.035475
71   2.04528   0.0351041
72   2.04359   0.0346572
73   2.04291   0.034189
74   2.03841   0.0340227
75   2.03587   0.0336637
76   2.03572   0.0332211
77   2.03805   0.0328709
78   2.04035   0.0325298
79   2.04445   0.0323752
80   2.05059   0.0325483
81   2.05798   0.032975
82   2.06092   0.0327034
83   2.05665   0.0325861
84   2.05818   0.032234
85   2.06164   0.0320393
86   2.06756   0.0322098
87   2.07123   0.0320475
88   2.07698   0.032196
89   2.08218   0.0322514
90   2.07744   0.0322394
91   2.07736   0.0318852
92   2.07318   0.0318112
93   2.07607   0.0316
94   2.08084   0.0316226
95   2.08123   0.0312921
96   2.07783   0.0311504
97   2.06989   0.0318241
98   2.06797   0.0315576
99   2.06977   0.03129
100   2.07263   0.0311084
