1   -3.41826   0
2   -3.41895   0.000489563
3   -3.41936   0.000465005
4   -3.42029   0.000883379
5   -3.42042   0.000716256
6   -3.42087   0.000721832
7   -3.4214   0.000788397
8   -3.42192   0.000845962
9   -3.42251   0.000935134
10   -3.42259   0.000845053
11   -3.42275   0.00078368
12   -3.42283   0.000721996
13   -3.42297   0.000681108
14   -3.42291   0.000635847
15   -3.42288   0.000594213
16   -3.42279   0.000563561
17   -3.42281   0.00053078
18   -3.4228   0.000501442
19   -3.42261   0.000507163
20   -3.42232   0.000560376
21   -3.42229   0.00053439
22   -3.42214   0.000532365
23   -3.42208   0.000512481
24   -3.4219   0.000520403
25   -3.42183   0.000504861
26   -3.42187   0.000486936
27   -3.4217   0.000495527
28   -3.4216   0.000487545
29   -3.4215   0.000481764
30   -3.4215   0.000465722
31   -3.42146   0.000452922
32   -3.42151   0.000441295
33   -3.42158   0.000434076
34   -3.42157   0.000421365
35   -3.42159   0.000409603
36   -3.4216   0.000398513
37   -3.42156   0.000390565
38   -3.42156   0.000380287
39   -3.42156   0.000370542
40   -3.42156   0.000361294
41   -3.42158   0.000352843
42   -3.42157   0.000344528
43   -3.42157   0.00033654
44   -3.42162   0.000331686
45   -3.42162   0.000324401
46   -3.4216   0.000318161
47   -3.4216   0.000311402
48   -3.42167   0.000312411
49   -3.42169   0.000306519
50   -3.42176   0.000308845
51   -3.42178   0.000303184
52   -3.42179   0.000297667
53   -3.42177   0.000292909
54   -3.42172   0.000291112
55   -3.42177   0.000288998
56   -3.4218   0.000285663
57   -3.42185   0.000285446
58   -3.42192   0.000289116
59   -3.42199   0.000291134
60   -3.42206   0.000296216
61   -3.42212   0.000297374
62   -3.42216   0.000295395
63   -3.4222   0.000293323
64   -3.42229   0.000300435
65   -3.42237   0.000306348
66   -3.4224   0.000303184
67   -3.4224   0.000298659
68   -3.42247   0.00030223
69   -3.42245   0.000298186
70   -3.42246   0.000294107
71   -3.42248   0.000290708
72   -3.42248   0.000286671
73   -3.42249   0.000283012
74   -3.4225   0.000279289
75   -3.42249   0.000275748
76   -3.42248   0.000272406
77   -3.42243   0.000273533
78   -3.42242   0.000270132
79   -3.42238   0.000269806
80   -3.42237   0.000266824
81   -3.42234   0.000265328
82   -3.42233   0.000262113
83   -3.42228   0.00026419
84   -3.42223   0.000265865
85   -3.42221   0.000263619
86   -3.4222   0.000260586
87   -3.42223   0.0002595
88   -3.42223   0.000256713
89   -3.42226   0.000256596
90   -3.42227   0.000253761
91   -3.42226   0.00025104
92   -3.42224   0.000249155
93   -3.42224   0.000246481
94   -3.42223   0.000243957
95   -3.42225   0.000242334
96   -3.42229   0.000243364
97   -3.4223   0.000240978
98   -3.42232   0.000238976
99   -3.42234   0.000237363
100   -3.42236   0.000236577
