   0.0128248   0   0
   0.0384745   0   0
   0.0641241   0   0
   0.0897737   0   0
   0.115423   0   0
   0.141073   0   0
   0.166723   0   0
   0.192372   0   0
   0.218022   0   0
   0.243672   0   0
   0.269321   0   0
   0.294971   0   0
   0.32062   0   0
   0.34627   0   0
   0.37192   0   0
   0.397569   0   0
   0.423219   0   0
   0.448869   0   0
   0.474518   0   0
   0.500168   0   0
   0.525818   0   0
   0.551467   0   0
   0.577117   0   0
   0.602767   0   0
   0.628416   0   0
   0.654066   0   0
   0.679715   0   0
   0.705365   0   0
   0.731015   0   0
   0.756664   0   0
   0.782314   0   0
   0.807964   0   0
   0.833613   0   0
   0.859263   0   0
   0.884913   4.58526e-05   4.56228e-05
   0.910562   0.00948399   0.0010406
   0.936212   0.0813168   0.00330701
   0.961861   0.284439   0.00572611
   0.987511   0.594647   0.0096924
   1.01316   0.949732   0.0100116
   1.03881   1.16734   0.0119509
   1.06446   1.27477   0.0103806
   1.09011   1.27737   0.0110644
   1.11576   1.21462   0.0111252
   1.14141   1.12432   0.0111619
   1.16706   0.977772   0.0099491
   1.19271   0.878999   0.00895235
   1.21836   0.76657   0.00811233
   1.24401   0.684681   0.00812119
   1.26966   0.624443   0.00858878
   1.29531   0.554652   0.00772363
   1.32096   0.516777   0.00663218
   1.34661   0.462744   0.00627438
   1.37226   0.422249   0.00619813
   1.39791   0.399105   0.00509621
   1.42355   0.376277   0.00566789
   1.4492   0.365247   0.00577797
   1.47485   0.355575   0.00467205
   1.5005   0.342742   0.00512078
   1.52615   0.334278   0.0047665
   1.5518   0.328985   0.00481466
   1.57745   0.335979   0.00531843
   1.6031   0.336519   0.00416714
   1.62875   0.349001   0.00434374
   1.6544   0.355043   0.00510324
   1.68005   0.368392   0.00449935
   1.7057   0.389485   0.00532795
   1.73135   0.406229   0.00513422
   1.757   0.415555   0.00487039
   1.78265   0.433547   0.00470288
   1.8083   0.45721   0.00501487
   1.83395   0.47544   0.00484651
   1.8596   0.492226   0.00511826
   1.88525   0.510213   0.00489419
   1.9109   0.521929   0.00446438
   1.93655   0.538327   0.00476266
   1.9622   0.56055   0.00491631
   1.98785   0.571885   0.00430243
   2.0135   0.588416   0.00483607
   2.03915   0.610269   0.00486119
   2.0648   0.600584   0.00399162
   2.09045   0.605895   0.00503563
   2.1161   0.596749   0.00421132
   2.14174   0.59444   0.00457448
   2.16739   0.584566   0.00476121
   2.19304   0.570576   0.0048804
   2.21869   0.551472   0.00398821
   2.24434   0.545932   0.00454632
   2.26999   0.537072   0.00413412
   2.29564   0.51647   0.00360837
   2.32129   0.501988   0.00370696
   2.34694   0.493286   0.00414931
   2.37259   0.490638   0.00368433
   2.39824   0.473495   0.00334777
   2.42389   0.472615   0.00390285
   2.44954   0.462021   0.00390517
   2.47519   0.449014   0.00378663
   2.50084   0.448945   0.00350775
   2.52649   0.45138   0.00327394
   2.55214   0.449767   0.00342914
