1   1.56592   0
2   1.58563   0.0139372
3   1.60666   0.0195256
4   1.63072   0.0254695
5   1.65535   0.0300083
6   1.63858   0.0293203
7   1.6315   0.0259739
8   1.62951   0.0228029
9   1.63854   0.0219834
10   1.63193   0.0207532
11   1.63485   0.0190703
12   1.62701   0.0190249
13   1.63508   0.0191976
14   1.63467   0.0178306
15   1.63549   0.0166604
16   1.63714   0.0157006
17   1.63372   0.0151449
18   1.63683   0.0146191
19   1.64086   0.0143952
20   1.63557   0.0146135
21   1.63026   0.0148531
22   1.62835   0.0143
23   1.62968   0.0137404
24   1.62823   0.013244
25   1.62064   0.0147311
26   1.61786   0.0144244
27   1.61831   0.0138972
28   1.61273   0.0144806
29   1.61043   0.0141625
30   1.60951   0.0137199
31   1.60826   0.0133348
32   1.61125   0.0132491
33   1.61547   0.0135037
34   1.61875   0.0134996
35   1.61844   0.0131175
36   1.61971   0.0128148
37   1.61926   0.0124764
38   1.61592   0.0125879
39   1.6137   0.0124592
40   1.61275   0.0121835
41   1.61185   0.0119198
42   1.61092   0.011672
43   1.61039   0.0114126
44   1.61057   0.0111547
45   1.61267   0.0111021
46   1.61354   0.0108945
47   1.612   0.0107704
48   1.61265   0.0105653
49   1.61116   0.0104543
50   1.61119   0.0102453
51   1.6114   0.0100466
52   1.61049   0.00989488
53   1.61121   0.00973424
54   1.61035   0.00959174
55   1.6114   0.00947422
56   1.61235   0.00935267
57   1.61243   0.00918895
58   1.61508   0.00940405
59   1.61579   0.00927199
60   1.61635   0.00913415
61   1.61722   0.00902544
62   1.6179   0.00890606
63   1.61838   0.00877738
64   1.61884   0.00865251
65   1.61827   0.00853864
66   1.61765   0.0084316
67   1.61656   0.00837572
68   1.61648   0.00825294
69   1.6182   0.00831142
70   1.61719   0.00825424
71   1.61631   0.00818465
72   1.61664   0.00807767
73   1.6168   0.00796866
74   1.61815   0.0079739
75   1.61922   0.00793947
76   1.61986   0.00786041
77   1.6197   0.00776003
78   1.6189   0.00770125
79   1.61754   0.00772228
80   1.61607   0.00776593
81   1.61451   0.00782396
82   1.61386   0.00775575
83   1.61495   0.00773888
84   1.61467   0.00765175
85   1.61409   0.00758425
86   1.61291   0.00758733
87   1.61221   0.00753193
88   1.61098   0.00754563
89   1.60968   0.00757193
90   1.61091   0.00758582
91   1.61085   0.00750267
92   1.61209   0.00752331
93   1.6115   0.0074655
94   1.61053   0.00744891
95   1.61058   0.00737068
96   1.61146   0.0073459
97   1.61356   0.0075654
98   1.61402   0.00750174
99   1.6137   0.00743254
100   1.61308   0.00738397
