1   1.04394   0
2   1.05708   0.00929146
3   1.07111   0.0130171
4   1.08715   0.0169797
5   1.10357   0.0200056
6   1.09239   0.0195468
7   1.08766   0.017316
8   1.08634   0.0152019
9   1.09236   0.0146556
10   1.08796   0.0138355
11   1.0899   0.0127136
12   1.08467   0.0126832
13   1.09005   0.0127984
14   1.08978   0.0118871
15   1.09032   0.0111069
16   1.09142   0.0104671
17   1.08914   0.0100966
18   1.09122   0.00974606
19   1.09391   0.0095968
20   1.09038   0.0097423
21   1.08684   0.00990206
22   1.08557   0.00953333
23   1.08646   0.00916025
24   1.08549   0.00882933
25   1.08043   0.0098207
26   1.07857   0.00961624
27   1.07888   0.00926481
28   1.07515   0.00965372
29   1.07362   0.00944168
30   1.07301   0.00914659
31   1.07217   0.00888987
32   1.07416   0.00883271
33   1.07698   0.00900243
34   1.07917   0.00899974
35   1.07896   0.00874503
36   1.07981   0.00854322
37   1.07951   0.0083176
38   1.07728   0.00839196
39   1.0758   0.00830616
40   1.07517   0.00812234
41   1.07457   0.00794651
42   1.07395   0.00778132
43   1.0736   0.00760841
44   1.07372   0.00743645
45   1.07511   0.0074014
46   1.07569   0.00726301
47   1.07467   0.00718027
48   1.0751   0.0070435
49   1.0741   0.00696952
50   1.07413   0.00683017
51   1.07427   0.0066977
52   1.07366   0.00659659
53   1.07414   0.00648949
54   1.07357   0.00639449
55   1.07426   0.00631614
56   1.0749   0.00623511
57   1.07495   0.00612596
58   1.07672   0.00626936
59   1.0772   0.00618133
60   1.07757   0.00608944
61   1.07814   0.00601696
62   1.0786   0.00593737
63   1.07892   0.00585159
64   1.07923   0.00576834
65   1.07884   0.00569243
66   1.07843   0.00562106
67   1.07771   0.00558381
68   1.07765   0.00550196
69   1.0788   0.00554095
70   1.07813   0.00550283
71   1.07754   0.00545643
72   1.07776   0.00538511
73   1.07787   0.00531244
74   1.07877   0.00531594
75   1.07948   0.00529298
76   1.07991   0.00524027
77   1.0798   0.00517335
78   1.07927   0.00513417
79   1.07836   0.00514819
80   1.07738   0.00517729
81   1.07634   0.00521597
82   1.07591   0.0051705
83   1.07663   0.00515925
84   1.07645   0.00510117
85   1.07606   0.00505617
86   1.07527   0.00505822
87   1.07481   0.00502129
88   1.07399   0.00503042
89   1.07312   0.00504795
90   1.07394   0.00505721
91   1.0739   0.00500178
92   1.07473   0.00501554
93   1.07434   0.004977
94   1.07369   0.00496594
95   1.07372   0.00491379
96   1.07431   0.00489727
97   1.07571   0.0050436
98   1.07601   0.00500116
99   1.0758   0.00495503
100   1.07539   0.00492265
