1   0.0513111   0
2   0.0506521   0.000465965
3   0.0522778   0.00136323
4   0.0558497   0.00325798
5   0.0574568   0.00297648
6   0.0560278   0.00280254
7   0.0541554   0.00296232
8   0.0530546   0.00278909
9   0.05208   0.00264399
10   0.0511099   0.00255134
11   0.0503083   0.0024421
12   0.0500104   0.00225668
13   0.0506117   0.00216173
14   0.0512819   0.00210865
15   0.0514409   0.00197405
16   0.0515623   0.0018544
17   0.0515473   0.00174538
18   0.0515785   0.0016487
19   0.0516957   0.00156608
20   0.0517373   0.00148833
21   0.0519087   0.0014273
22   0.0517398   0.00137238
23   0.0513296   0.00137265
24   0.0507672   0.00142604
25   0.0506077   0.00137789
26   0.0505142   0.00132806
27   0.0503016   0.00129578
28   0.0505824   0.00127956
29   0.0509297   0.0012817
30   0.0514316   0.00133365
31   0.0519777   0.00139797
32   0.0522728   0.00138507
33   0.0520943   0.00135455
34   0.0520207   0.00131671
35   0.0519903   0.00127944
36   0.0521832   0.00125836
37   0.0523995   0.00124279
38   0.0523922   0.00121011
39   0.0521659   0.00120005
40   0.0518865   0.00120213
41   0.0518901   0.00117282
42   0.0520486   0.00115556
43   0.0524227   0.00118768
44   0.0527215   0.0011977
45   0.0526571   0.00117281
46   0.0525475   0.00115243
47   0.0526344   0.00113119
48   0.0526904   0.00110901
49   0.0526644   0.00108668
50   0.0525736   0.00106873
51   0.0524881   0.00105119
52   0.0523947   0.00103512
53   0.0523477   0.00101666
54   0.0523588   0.000997889
55   0.0522866   0.000982352
56   0.0521863   0.000969913
57   0.0520021   0.000970228
58   0.0518876   0.000960232
59   0.0517376   0.000955603
60   0.0517138   0.000939974
61   0.0518631   0.00093635
62   0.0520666   0.00094309
63   0.0520312   0.000928784
64   0.0519533   0.000917528
65   0.0518679   0.000907378
66   0.0518424   0.000893989
67   0.0519859   0.000892093
68   0.0522165   0.000908291
69   0.0523842   0.000910469
70   0.0524204   0.000898184
71   0.0523618   0.000887446
72   0.0522721   0.000879638
73   0.0521609   0.00087459
74   0.0521661   0.000862787
75   0.0521937   0.000851725
76   0.0523524   0.000855177
77   0.0525102   0.000858494
78   0.0526122   0.000853533
79   0.05265   0.000843563
80   0.0525293   0.000841607
81   0.0523498   0.00085014
82   0.0522048   0.000852058
83   0.0523832   0.000860281
84   0.0524896   0.000856592
85   0.0524867   0.000846519
86   0.0524595   0.000837112
87   0.0524752   0.000827637
88   0.052444   0.000818821
89   0.0523288   0.000817689
90   0.0521754   0.000822856
91   0.0520451   0.000824063
92   0.0519707   0.000818459
93   0.0519612   0.000809713
94   0.0519164   0.00080234
95   0.0518744   0.000794992
96   0.0518733   0.000786711
97   0.0519129   0.000779597
98   0.0519326   0.00077189
99   0.0520505   0.000773044
100   0.0522149   0.000782602
