   0.0323165   0   0
   0.0969496   0   0
   0.161583   0   0
   0.226216   0   0
   0.290849   0   0
   0.355482   0   0
   0.420115   0   0
   0.484748   0   0
   0.549381   0   0
   0.614014   0   0
   0.678647   0   0
   0.74328   0   0
   0.807913   0   0
   0.872546   0.00179605   0.00178704
   0.937179   0.167632   0.0193053
   1.00181   1.31355   0.0630234
   1.06645   2.35889   0.080501
   1.13108   2.53111   0.0699095
   1.19571   2.22157   0.0668366
   1.26034   1.87332   0.0681865
   1.32498   1.66441   0.0533123
   1.38961   1.53186   0.0475932
   1.45424   1.54771   0.0498428
   1.51888   1.36763   0.0384985
   1.58351   1.2721   0.0361566
   1.64814   1.32217   0.0344288
   1.71278   1.12683   0.0291308
   1.77741   1.16184   0.039625
   1.84204   1.18683   0.0319909
   1.90667   1.09996   0.0287071
   1.97131   1.09977   0.0297357
   2.03594   1.09079   0.0258995
   2.10057   1.04258   0.0297111
   2.16521   1.03827   0.029659
   2.22984   1.12201   0.0245374
   2.29447   1.06065   0.0263124
   2.35911   0.990713   0.0269487
   2.42374   0.980032   0.0243135
   2.48837   1.09599   0.0238852
   2.55301   1.01728   0.0232429
   2.61764   1.00187   0.0207835
   2.68227   1.0005   0.0193923
   2.7469   1.03435   0.0200363
   2.81154   1.00015   0.0215577
   2.87617   1.04566   0.0186673
   2.9408   1.07028   0.0226428
   3.00544   1.04448   0.0191561
   3.07007   1.06163   0.0185342
   3.1347   1.08239   0.0185919
   3.19934   1.05862   0.019295
   3.26397   1.01214   0.0184895
   3.3286   0.972931   0.0179205
   3.39323   1.01214   0.0160723
   3.45787   0.97973   0.0151301
   3.5225   0.949179   0.0143258
   3.58713   0.940551   0.0156863
   3.65177   0.943046   0.0149363
   3.7164   0.957643   0.0149165
   3.78103   0.976378   0.0131832
   3.84567   1.02545   0.0152982
   3.9103   1.01453   0.0150851
   3.97493   0.989105   0.0160794
   4.03957   0.992079   0.0138291
   4.1042   0.992698   0.0138607
   4.16883   0.98068   0.0137417
   4.23346   1.01266   0.0136116
   4.2981   0.996656   0.0114774
   4.36273   0.990823   0.0116328
   4.42736   1.00354   0.0125526
   4.492   0.997828   0.0128876
   4.55663   1.00853   0.0117617
   4.62126   0.957136   0.0102287
   4.6859   0.967423   0.0151454
   4.75053   0.974174   0.0132216
   4.81516   0.985998   0.0102628
   4.87979   0.972078   0.0106903
   4.94443   0.951177   0.0101925
   5.00906   0.946508   0.00944372
   5.07369   0.988974   0.00938855
   5.13833   0.985909   0.0103741
   5.20296   0.981697   0.00949861
   5.26759   0.989373   0.0104462
   5.33223   0.985245   0.0108823
   5.39686   0.991894   0.0103612
   5.46149   1.0172   0.0116169
   5.52612   1.0073   0.0092997
   5.59076   1.02348   0.00966392
   5.65539   1.0077   0.00951809
   5.72002   0.968194   0.00847802
   5.78466   1.00889   0.00842412
   5.84929   0.998751   0.0104429
   5.91392   0.980104   0.00933355
   5.97856   0.993665   0.00948914
   6.04319   0.996348   0.00933739
   6.10782   0.993219   0.00812139
   6.17246   0.98452   0.010618
   6.23709   0.987209   0.00937235
   6.30172   0.996631   0.00857618
   6.36635   0.991844   0.00893338
   6.43099   0.984555   0.00871344
