1   1.20048   0
2   1.20859   0.00573525
3   1.21024   0.00405317
4   1.2056   0.00503496
5   1.20254   0.00487244
6   1.20329   0.00411821
7   1.20265   0.0035793
8   1.1994   0.00436612
9   1.19626   0.00487835
10   1.19381   0.00496967
11   1.19215   0.0047879
12   1.19086   0.00455779
13   1.18871   0.00468674
14   1.18718   0.00459787
15   1.1871   0.0042919
16   1.18706   0.00402388
17   1.18738   0.00380017
18   1.1877   0.00360194
19   1.18776   0.00341283
20   1.18795   0.00324748
21   1.18756   0.00311616
22   1.18782   0.00298609
23   1.18843   0.0029163
24   1.18948   0.00297889
25   1.18985   0.00288215
26   1.19055   0.00285577
27   1.1922   0.00319424
28   1.19318   0.00322648
29   1.19447   0.00336219
30   1.19548   0.00339853
31   1.19611   0.00334672
32   1.19682   0.0033158
33   1.19833   0.00354253
34   1.19934   0.0035818
35   1.20048   0.00365588
36   1.20128   0.00363921
37   1.20203   0.00361805
38   1.20317   0.00369977
39   1.20467   0.00389695
40   1.20641   0.00416706
41   1.20776   0.00427877
42   1.20911   0.00438614
43   1.2101   0.00439435
44   1.21111   0.00440823
45   1.21274   0.00460082
46   1.21427   0.00475045
47   1.21524   0.00474629
48   1.21621   0.00474603
49   1.2172   0.00475054
50   1.21816   0.00475246
51   1.21896   0.00472628
52   1.21971   0.00469441
53   1.22035   0.00464941
54   1.22082   0.00458726
55   1.22144   0.00454548
56   1.22202   0.00450071
57   1.22279   0.00448759
58   1.2234   0.00445096
59   1.2242   0.00444768
60   1.22481   0.00441454
61   1.22506   0.00434934
62   1.22513   0.00427975
63   1.2258   0.00426317
64   1.2265   0.00425474
65   1.22724   0.00425217
66   1.22788   0.00423657
67   1.22817   0.00418304
68   1.22831   0.00412393
69   1.22855   0.00407077
70   1.22887   0.00402558
71   1.22916   0.00397944
72   1.22932   0.00392737
73   1.2295   0.00387748
74   1.2294   0.00382642
75   1.22934   0.00377585
76   1.22896   0.00374482
77   1.22859   0.0037148
78   1.22823   0.00368408
79   1.22776   0.00366693
80   1.22747   0.00363269
81   1.22722   0.00359645
82   1.22702   0.00355826
83   1.22617   0.00361511
84   1.22561   0.00361497
85   1.22528   0.00358736
86   1.22501   0.00355641
87   1.22462   0.00353663
88   1.2243   0.00351066
89   1.22412   0.00347603
90   1.22401   0.00343903
91   1.22393   0.00340209
92   1.22389   0.00336536
93   1.22384   0.00332965
94   1.22398   0.00329715
95   1.22419   0.00326924
96   1.2244   0.00324215
97   1.22461   0.00321549
98   1.22498   0.00320422
99   1.22517   0.00317717
100   1.22518   0.00314541
