1   1.39647   0
2   1.39653   4.53022e-05
3   1.39662   8.12628e-05
4   1.39675   0.000122124
5   1.39664   0.000133539
6   1.39666   0.00011256
7   1.39669   9.96987e-05
8   1.39672   9.1667e-05
9   1.39672   8.14932e-05
10   1.39671   7.39597e-05
11   1.39671   6.72398e-05
12   1.39671   6.17008e-05
13   1.39673   5.85996e-05
14   1.39671   5.64021e-05
15   1.39669   5.59198e-05
16   1.39671   5.48974e-05
17   1.39669   5.48417e-05
18   1.39671   5.61374e-05
19   1.3967   5.42097e-05
20   1.39672   5.5913e-05
21   1.39672   5.36902e-05
22   1.39671   5.1337e-05
23   1.39671   4.94509e-05
24   1.39671   4.7405e-05
25   1.39672   4.81996e-05
26   1.3967   5.13567e-05
27   1.3967   4.95729e-05
28   1.39671   4.94781e-05
29   1.3967   4.97028e-05
30   1.39671   5.02269e-05
31   1.39671   4.88084e-05
32   1.3967   4.80259e-05
33   1.3967   4.65715e-05
34   1.3967   4.52196e-05
35   1.3967   4.3958e-05
36   1.39671   4.28981e-05
37   1.3967   4.21201e-05
38   1.3967   4.10127e-05
39   1.39669   4.10846e-05
40   1.39669   4.01035e-05
41   1.3967   3.96045e-05
42   1.39669   3.89872e-05
43   1.3967   3.97684e-05
44   1.39669   4.1583e-05
45   1.39669   4.07655e-05
46   1.39669   3.99313e-05
47   1.39669   3.94349e-05
48   1.39669   3.86161e-05
49   1.39669   3.79251e-05
50   1.39669   3.71912e-05
51   1.39669   3.64985e-05
52   1.39669   3.58176e-05
53   1.3967   3.53643e-05
54   1.39669   3.48273e-05
55   1.39669   3.42603e-05
56   1.39669   3.3714e-05
57   1.39669   3.32355e-05
58   1.39669   3.26777e-05
59   1.39668   3.24834e-05
60   1.39669   3.25138e-05
61   1.39669   3.20367e-05
62   1.39669   3.17249e-05
63   1.39668   3.18385e-05
64   1.39668   3.13414e-05
65   1.39668   3.08609e-05
66   1.39668   3.0638e-05
67   1.39669   3.0399e-05
68   1.39669   2.9998e-05
69   1.39669   2.968e-05
70   1.39669   2.92656e-05
71   1.39669   2.90095e-05
72   1.39669   2.86186e-05
73   1.39669   2.84199e-05
74   1.39669   2.80646e-05
75   1.3967   2.86069e-05
76   1.3967   2.83561e-05
77   1.3967   2.79981e-05
78   1.3967   2.81845e-05
79   1.3967   2.82806e-05
80   1.3967   2.79704e-05
81   1.3967   2.7647e-05
82   1.3967   2.74909e-05
83   1.39671   2.95015e-05
84   1.3967   3.06138e-05
85   1.3967   3.02547e-05
86   1.39671   2.99507e-05
87   1.39671   2.97565e-05
88   1.39671   2.94715e-05
89   1.39671   2.91408e-05
90   1.39671   2.88189e-05
91   1.39671   2.85118e-05
92   1.39671   2.82564e-05
93   1.39671   2.79645e-05
94   1.39671   2.76695e-05
95   1.39671   2.73912e-05
96   1.39671   2.71787e-05
97   1.39671   2.69044e-05
98   1.39671   2.66336e-05
99   1.39672   2.69691e-05
100   1.39672   2.67938e-05
