1   1.80072   0
2   1.81289   0.00860287
3   1.81536   0.00607975
4   1.80841   0.00755244
5   1.80381   0.00730866
6   1.80494   0.00617731
7   1.80398   0.00536895
8   1.7991   0.00654919
9   1.7944   0.00731753
10   1.79072   0.0074545
11   1.78822   0.00718185
12   1.7863   0.00683669
13   1.78307   0.00703011
14   1.78076   0.0068968
15   1.78065   0.00643785
16   1.78059   0.00603581
17   1.78108   0.00570026
18   1.78155   0.0054029
19   1.78163   0.00511925
20   1.78192   0.00487121
21   1.78133   0.00467424
22   1.78174   0.00447913
23   1.78264   0.00437446
24   1.78422   0.00446833
25   1.78477   0.00432322
26   1.78582   0.00428365
27   1.78831   0.00479136
28   1.78977   0.00483972
29   1.7917   0.00504328
30   1.79322   0.00509779
31   1.79416   0.00502008
32   1.79522   0.00497371
33   1.79749   0.00531379
34   1.79902   0.00537269
35   1.80072   0.00548382
36   1.80191   0.00545882
37   1.80304   0.00542707
38   1.80476   0.00554965
39   1.80701   0.00584543
40   1.80961   0.0062506
41   1.81164   0.00641816
42   1.81367   0.00657921
43   1.81515   0.00659153
44   1.81666   0.00661234
45   1.8191   0.00690122
46   1.82141   0.00712568
47   1.82286   0.00711944
48   1.82431   0.00711905
49   1.82579   0.00712581
50   1.82724   0.00712869
51   1.82844   0.00708942
52   1.82957   0.00704162
53   1.83053   0.00697411
54   1.83124   0.00688089
55   1.83217   0.00681821
56   1.83303   0.00675107
57   1.83419   0.00673139
58   1.8351   0.00667644
59   1.83631   0.00667152
60   1.83721   0.0066218
61   1.83759   0.00652401
62   1.8377   0.00641963
63   1.83869   0.00639476
64   1.83975   0.00638211
65   1.84086   0.00637825
66   1.84182   0.00635485
67   1.84226   0.00627456
68   1.84247   0.00618589
69   1.84282   0.00610616
70   1.84331   0.00603837
71   1.84374   0.00596916
72   1.84398   0.00589105
73   1.84425   0.00581621
74   1.84409   0.00573963
75   1.844   0.00566378
76   1.84344   0.00561723
77   1.84288   0.00557219
78   1.84235   0.00552612
79   1.84165   0.00550039
80   1.84121   0.00544904
81   1.84083   0.00539467
82   1.84053   0.00533738
83   1.83926   0.00542266
84   1.83842   0.00542246
85   1.83793   0.00538104
86   1.83751   0.00533462
87   1.83693   0.00530495
88   1.83645   0.00526599
89   1.83618   0.00521405
90   1.83602   0.00515854
91   1.8359   0.00510313
92   1.83584   0.00504804
93   1.83576   0.00499447
94   1.83596   0.00494572
95   1.83628   0.00490385
96   1.8366   0.00486323
97   1.83692   0.00482324
98   1.83748   0.00480634
99   1.83775   0.00476575
100   1.83777   0.00471812
