1   -0.404253   0
2   -0.416355   0.00855757
3   -0.418734   0.00602653
4   -0.411659   0.0076133
5   -0.407163   0.00729841
6   -0.408275   0.00616609
7   -0.407288   0.00536369
8   -0.402379   0.00656554
9   -0.397676   0.00732992
10   -0.394004   0.0074599
11   -0.391511   0.00718626
12   -0.389582   0.00684133
13   -0.386344   0.00704004
14   -0.38405   0.00690076
15   -0.383962   0.00644127
16   -0.38388   0.00603921
17   -0.384384   0.00570499
18   -0.384832   0.00540558
19   -0.38493   0.00512197
20   -0.385193   0.0048726
21   -0.384615   0.00467472
22   -0.385021   0.00447985
23   -0.38593   0.00437631
24   -0.387511   0.00447041
25   -0.388044   0.00432325
26   -0.389121   0.00428907
27   -0.391609   0.0047976
28   -0.393063   0.00484168
29   -0.395008   0.00505021
30   -0.396509   0.00509994
31   -0.397458   0.00502295
32   -0.398525   0.00497819
33   -0.40079   0.00531761
34   -0.402317   0.0053759
35   -0.404023   0.00548628
36   -0.405208   0.00546036
37   -0.406344   0.00542971
38   -0.408063   0.00555218
39   -0.410322   0.00585134
40   -0.412919   0.00625506
41   -0.414939   0.00642039
42   -0.416976   0.00658282
43   -0.418449   0.00659243
44   -0.419974   0.00661655
45   -0.422418   0.00690611
46   -0.42472   0.00712956
47   -0.426162   0.0071221
48   -0.427621   0.0071217
49   -0.429103   0.0071289
50   -0.430549   0.00713139
51   -0.431749   0.00709175
52   -0.432874   0.00704407
53   -0.433832   0.00697595
54   -0.434543   0.00688298
55   -0.435475   0.00682054
56   -0.436341   0.0067536
57   -0.437503   0.00673431
58   -0.438411   0.00667914
59   -0.439623   0.006675
60   -0.440525   0.00662438
61   -0.440901   0.00652643
62   -0.441009   0.00642206
63   -0.442013   0.00639809
64   -0.443073   0.00638537
65   -0.444175   0.00638148
66   -0.44514   0.00635741
67   -0.445567   0.00627683
68   -0.445778   0.00618806
69   -0.446131   0.00610844
70   -0.44662   0.00604068
71   -0.447054   0.00597121
72   -0.447294   0.0058931
73   -0.447554   0.00581809
74   -0.4474   0.00574151
75   -0.447304   0.00566576
76   -0.446743   0.00561891
77   -0.446181   0.00557391
78   -0.445644   0.00552834
79   -0.444948   0.00550193
80   -0.444509   0.00545068
81   -0.444135   0.00539621
82   -0.443828   0.00533908
83   -0.442544   0.00542699
84   -0.441716   0.00542526
85   -0.441222   0.00538382
86   -0.440804   0.00533749
87   -0.440219   0.00530809
88   -0.439744   0.00526893
89   -0.439468   0.00521694
90   -0.439309   0.00516141
91   -0.439194   0.00510598
92   -0.43913   0.00505088
93   -0.439045   0.00499727
94   -0.439255   0.00494851
95   -0.439572   0.00490655
96   -0.43989   0.00486576
97   -0.440204   0.0048257
98   -0.440763   0.0048087
99   -0.441034   0.00476777
100   -0.441046   0.00472011
